{
  "RSpec": {
    "coverage": {
      "/Users/carlos/dev/carlosagp/DPL_project_manager_winter_2014/app/helpers/application_helper.rb": [
        1,
        null
      ],
      "/Users/carlos/dev/carlosagp/DPL_project_manager_winter_2014/app/helpers/projects_helper.rb": [
        1,
        null
      ],
      "/Users/carlos/dev/carlosagp/DPL_project_manager_winter_2014/app/helpers/static_pages_helper.rb": [
        1,
        null
      ],
      "/Users/carlos/dev/carlosagp/DPL_project_manager_winter_2014/app/helpers/tasks_helper.rb": [
        1,
        null
      ],
      "/Users/carlos/dev/carlosagp/DPL_project_manager_winter_2014/app/models/project.rb": [
        1,
        1,
        null,
        1,
        1,
        1,
        1,
        null,
        null
      ],
      "/Users/carlos/dev/carlosagp/DPL_project_manager_winter_2014/app/models/task.rb": [
        1,
        1,
        null,
        1,
        1,
        1,
        null,
        null
      ],
      "/Users/carlos/dev/carlosagp/DPL_project_manager_winter_2014/app/controllers/application_controller.rb": [
        1,
        null,
        null,
        1,
        null
      ],
      "/Users/carlos/dev/carlosagp/DPL_project_manager_winter_2014/app/controllers/projects_controller.rb": [
        1,
        1,
        1,
        2,
        null,
        null,
        1,
        null,
        null,
        1,
        1,
        null,
        null,
        1,
        0,
        0,
        0,
        0,
        0,
        null,
        null,
        0,
        null,
        null,
        null,
        1,
        null,
        null,
        1,
        0,
        0,
        null,
        0,
        null,
        null,
        null,
        1,
        0,
        0,
        null,
        null,
        1,
        1,
        2,
        null,
        null,
        1,
        0,
        null,
        null
      ],
      "/Users/carlos/dev/carlosagp/DPL_project_manager_winter_2014/app/controllers/static_pages_controller.rb": [
        1,
        1,
        null,
        null,
        1,
        null,
        null,
        1,
        0,
        0,
        0,
        0,
        null,
        null,
        null
      ],
      "/Users/carlos/dev/carlosagp/DPL_project_manager_winter_2014/app/controllers/tasks_controller.rb": [
        1,
        1,
        1,
        null,
        1,
        0,
        null,
        null,
        1,
        0,
        0,
        0,
        null,
        0,
        null,
        null,
        null,
        1,
        null,
        null,
        1,
        0,
        0,
        null,
        0,
        null,
        null,
        null,
        1,
        0,
        0,
        null,
        null,
        1,
        0,
        null,
        null,
        1,
        0,
        null,
        null,
        1,
        null,
        1,
        0,
        0,
        null,
        null,
        1,
        0,
        null,
        null,
        1,
        0,
        null,
        null,
        1,
        0,
        null,
        null
      ]
    },
    "timestamp": 1421184211
  }
}
